<?xml version="1.0" encoding="UTF-8"?>
<!-- Generated by org.testng.reporters.JUnitReportReporter -->
<testsuite hostname="sk" failures="0" tests="5" name="annotations.GroupTest" time="0.015" errors="0" timestamp="2025-08-26T20:06:34 IST" skipped="0">
  <testcase classname="annotations.GroupTest" name="checkoutTest" time="0.002"/>
  <testcase classname="annotations.GroupTest" name="addToCartTest" time="0.001"/>
  <testcase classname="annotations.GroupTest" name="addToCartTest" time="0.010"/>
  <testcase classname="annotations.GroupTest" name="searchTest" time="0.001"/>
  <testcase classname="annotations.GroupTest" name="loginTest" time="0.001"/>
</testsuite> <!-- annotations.GroupTest -->
