<?xml version="1.0" encoding="UTF-8"?>
<!-- Generated by org.testng.reporters.JUnitReportReporter -->
<testsuite hostname="sk" failures="0" tests="3" name="annotations.SecondTest" time="0.017" errors="0" timestamp="2025-08-26T19:10:50 IST" skipped="0">
  <testcase classname="annotations.SecondTest" name="checkoutTest" time="0.010"/>
  <testcase classname="annotations.SecondTest" name="loginTest" time="0.003"/>
  <testcase classname="annotations.SecondTest" name="searchTest" time="0.004"/>
</testsuite> <!-- annotations.SecondTest -->
