<?xml version="1.0" encoding="UTF-8"?>
<!-- Generated by org.testng.reporters.JUnitReportReporter -->
<testsuite hostname="sk" failures="0" tests="4" name="annotations.AnnotationsTests" time="0.025" errors="0" timestamp="2025-08-26T19:19:38 IST" skipped="1">
  <testcase classname="annotations.AnnotationsTests" name="loginTest" time="0.011"/>
  <testcase classname="annotations.AnnotationsTests" name="searchProductTest" time="0.011"/>
  <testcase classname="annotations.AnnotationsTests" name="addToCartTest" time="0.003"/>
  <testcase classname="annotations.AnnotationsTests" name="paymentTest">
    <skipped/>
  </testcase> <!-- paymentTest -->
</testsuite> <!-- annotations.AnnotationsTests -->
