<?xml version="1.0" encoding="UTF-8"?>
<!-- Generated by org.testng.reporters.JUnitReportReporter -->
<testsuite hostname="sk" failures="0" tests="3" name="ToolsQA.Home" time="6.638" errors="0" timestamp="2025-08-31T14:19:53 IST" skipped="0">
  <testcase classname="ToolsQA.Home" name="open" time="4.173"/>
  <testcase classname="ToolsQA.Home" name="StateTesting" time="2.407"/>
  <testcase classname="ToolsQA.Home" name="Author" time="0.058"/>
</testsuite> <!-- ToolsQA.Home -->
