<?xml version="1.0" encoding="UTF-8"?>
<!-- Generated by org.testng.reporters.JUnitReportReporter -->
<testsuite hostname="sk" failures="0" tests="2" name="annotations.SecondTest" time="0.016" errors="0" timestamp="2025-08-26T16:24:57 IST" skipped="0">
  <testcase classname="annotations.SecondTest" name="searchTest" time="0.005"/>
  <testcase classname="annotations.SecondTest" name="loginTest" time="0.011"/>
</testsuite> <!-- annotations.SecondTest -->
