<?xml version="1.0" encoding="UTF-8"?>
<!-- Generated by org.testng.reporters.JUnitReportReporter -->
<testsuite hostname="sk" failures="0" tests="1" name="cnarios.ProductFilterTests" time="1.317" errors="0" timestamp="2025-09-07T16:37:57 IST" skipped="0">
  <testcase classname="cnarios.ProductFilterTests" name="testFilterByCategory" time="1.317"/>
</testsuite> <!-- cnarios.ProductFilterTests -->
