<?xml version="1.0" encoding="UTF-8"?>
<!-- Generated by org.testng.reporters.JUnitReportReporter -->
<testsuite hostname="sk" failures="0" tests="1" name="annotations.Parameters.ScreenshotTest" time="6.837" errors="0" timestamp="2025-08-27T14:58:49 IST" skipped="0">
  <testcase classname="annotations.Parameters.ScreenshotTest" name="takeScreenshotTest" time="6.837"/>
</testsuite> <!-- annotations.Parameters.ScreenshotTest -->
