<?xml version="1.0" encoding="UTF-8"?>
<!-- Generated by org.testng.reporters.JUnitReportReporter -->
<testsuite hostname="sk" failures="0" tests="2" name="annotations.LoginTests" time="0.008" errors="0" timestamp="2025-08-26T19:10:50 IST" skipped="0">
  <testcase classname="annotations.LoginTests" name="loginInvalidUser" time="0.002"/>
  <testcase classname="annotations.LoginTests" name="loginValidUser" time="0.006"/>
</testsuite> <!-- annotations.LoginTests -->
