<?xml version="1.0" encoding="UTF-8"?>
<!-- Generated by org.testng.reporters.JUnitReportReporter -->
<testsuite hostname="sk" failures="0" tests="3" name="annotations.DependencyTest" time="0.009" errors="0" timestamp="2025-08-26T19:10:50 IST" skipped="0">
  <testcase classname="annotations.DependencyTest" name="checkoutTest" time="0.002"/>
  <testcase classname="annotations.DependencyTest" name="searchTest" time="0.002"/>
  <testcase classname="annotations.DependencyTest" name="loginTest" time="0.005"/>
</testsuite> <!-- annotations.DependencyTest -->
