<?xml version="1.0" encoding="UTF-8"?>
<!-- Generated by org.testng.reporters.JUnitReportReporter -->
<testsuite hostname="sk" failures="0" tests="4" name="annotations.FirstTest" time="0.012" errors="0" timestamp="2025-08-26T19:10:50 IST" skipped="0">
  <testcase classname="annotations.FirstTest" name="testHello" time="0.003"/>
  <testcase classname="annotations.FirstTest" name="testTwo" time="0.002"/>
  <testcase classname="annotations.FirstTest" name="testThree" time="0.002"/>
  <testcase classname="annotations.FirstTest" name="testOne" time="0.005"/>
</testsuite> <!-- annotations.FirstTest -->
