<?xml version="1.0" encoding="UTF-8"?>
<!-- Generated by org.testng.reporters.JUnitReportReporter -->
<testsuite hostname="sk" failures="0" tests="1" name="annotations.SearchTests" time="0.003" errors="0" timestamp="2025-08-26T19:10:50 IST" skipped="0">
  <testcase classname="annotations.SearchTests" name="searchProduct" time="0.003"/>
</testsuite> <!-- annotations.SearchTests -->
