<?xml version="1.0" encoding="UTF-8"?>
<!-- Generated by org.testng.reporters.JUnitReportReporter -->
<testsuite hostname="sk" failures="0" tests="3" name="annotations.PriorityTest" time="0.007" errors="0" timestamp="2025-08-26T19:10:50 IST" skipped="0">
  <testcase classname="annotations.PriorityTest" name="B" time="0.001"/>
  <testcase classname="annotations.PriorityTest" name="C" time="0.004"/>
  <testcase classname="annotations.PriorityTest" name="A" time="0.002"/>
</testsuite> <!-- annotations.PriorityTest -->
