<?xml version="1.0" encoding="UTF-8"?>
<!-- Generated by org.testng.reporters.JUnitReportReporter -->
<testsuite hostname="sk" failures="0" tests="4" name="annotations.FirstTest" time="0.038" errors="0" timestamp="2025-08-26T16:21:22 IST" skipped="0">
  <testcase classname="annotations.FirstTest" name="testThree" time="0.004"/>
  <testcase classname="annotations.FirstTest" name="testTwo" time="0.004"/>
  <testcase classname="annotations.FirstTest" name="testOne" time="0.017"/>
  <testcase classname="annotations.FirstTest" name="testHello" time="0.013"/>
</testsuite> <!-- annotations.FirstTest -->
